生成启动时间为 2018/5/26 12:03:44。
     1>项目“E:\Coding\中缀转后缀计算\中缀转后缀计算\中缀转后缀计算.vcxproj”在节点 2 上(build 个目标)。
     1>InitializeBuildStatus:
         正在创建“Debug\中缀转后缀计算.unsuccessfulbuild”，因为已指定“AlwaysCreate”。
       ClCompile:
         C:\Program Files (x86)\Microsoft Visual Studio 10.0\VC\bin\CL.exe /c /ZI /nologo /W3 /WX- /Od /Oy- /D WIN32 /D _DEBUG /D _CONSOLE /D _UNICODE /D UNICODE /Gm /EHsc /RTC1 /MDd /GS /fp:precise /Zc:wchar_t /Zc:forScope /Yu"StdAfx.h" /Fp"Debug\中缀转后缀计算.pch" /Fo"Debug\\" /Fd"Debug\vc100.pdb" /Gd /TP /analyze- /errorReport:prompt "中缀转后缀计算.cpp"
         中缀转后缀计算.cpp
     1>e:\coding\中缀转后缀计算\中缀转后缀计算\中缀转后缀计算.cpp(87): warning C4996: 'gets': This function or variable may be unsafe. Consider using gets_s instead. To disable deprecation, use _CRT_SECURE_NO_WARNINGS. See online help for details.
                 c:\program files (x86)\microsoft visual studio 10.0\vc\include\stdio.h(277) : 参见“gets”的声明
       ManifestResourceCompile:
         所有输出均为最新。
       Link:
         C:\Program Files (x86)\Microsoft Visual Studio 10.0\VC\bin\link.exe /ERRORREPORT:PROMPT /OUT:"E:\Coding\中缀转后缀计算\Debug\中缀转后缀计算.exe" /INCREMENTAL /NOLOGO kernel32.lib user32.lib gdi32.lib winspool.lib comdlg32.lib advapi32.lib shell32.lib ole32.lib oleaut32.lib uuid.lib odbc32.lib odbccp32.lib /MANIFEST /ManifestFile:"Debug\中缀转后缀计算.exe.intermediate.manifest" /MANIFESTUAC:"level='asInvoker' uiAccess='false'" /DEBUG /PDB:"E:\Coding\中缀转后缀计算\Debug\中缀转后缀计算.pdb" /SUBSYSTEM:CONSOLE /TLBID:1 /DYNAMICBASE /NXCOMPAT /IMPLIB:"E:\Coding\中缀转后缀计算\Debug\中缀转后缀计算.lib" /MACHINE:X86 "Debug\中缀转后缀计算.exe.embed.manifest.res"
         "Debug\中缀转后缀计算.obj"
       Manifest:
         C:\Program Files (x86)\Microsoft SDKs\Windows\v7.0A\bin\mt.exe /nologo /verbose /out:"Debug\中缀转后缀计算.exe.embed.manifest" /manifest "Debug\中缀转后缀计算.exe.intermediate.manifest"
         所有输出均为最新。
       LinkEmbedManifest:
         所有输出均为最新。
         中缀转后缀计算.vcxproj -> E:\Coding\中缀转后缀计算\Debug\中缀转后缀计算.exe
       FinalizeBuildStatus:
         正在删除文件“Debug\中缀转后缀计算.unsuccessfulbuild”。
         正在对“Debug\中缀转后缀计算.lastbuildstate”执行 Touch 任务。
     1>已完成生成项目“E:\Coding\中缀转后缀计算\中缀转后缀计算\中缀转后缀计算.vcxproj”(build 个目标)的操作。

生成成功。

已用时间 00:00:00.88
